<?xml version="1.0" encoding="UTF-8"?>

<mule xmlns:sfdc="http://www.mulesoft.org/schema/mule/sfdc"
	xmlns:db="http://www.mulesoft.org/schema/mule/db" 
	xmlns="http://www.mulesoft.org/schema/mule/core" 
	xmlns:doc="http://www.mulesoft.org/schema/mule/documentation"
	version="EE-3.7.2"
	xmlns:xsi="http://www.w3.org/2001/XMLSchema-instance"
	xsi:schemaLocation="http://www.mulesoft.org/schema/mule/core http://www.mulesoft.org/schema/mule/core/current/mule.xsd
http://www.mulesoft.org/schema/mule/db http://www.mulesoft.org/schema/mule/db/current/mule-db.xsd
http://www.mulesoft.org/schema/mule/sfdc http://www.mulesoft.org/schema/mule/sfdc/current/mule-sfdc.xsd">
    <sub-flow name="insertUserDB" doc:name="insertUserDB">
        <db:insert config-ref="GenericDatabaseConnectorMySql" doc:name="Database">
            <db:dynamic-query><![CDATA[INSERT INTO sf_user(firstname, lastname, email)
VALUES ('#[payload.firstname]', '#[payload.lastname]', '#[payload.email]')]]></db:dynamic-query>
        </db:insert>
    </sub-flow>
    <sub-flow name="deleteUserDB" doc:name="deleteUserDB">
        <db:delete config-ref="GenericDatabaseConnectorMySql" doc:name="Database">
            <db:dynamic-query><![CDATA[delete from sf_user where email = '#[payload.email]']]></db:dynamic-query>
        </db:delete>
    </sub-flow>
    <sub-flow name="querySalesforce" doc:name="querySalesforce">
        <sfdc:query-single config-ref="SalesforceA" query="SELECT Id, ProfileId, Email FROM User WHERE Email = '#[payload.email]'" doc:name="Salesforce"/>
    </sub-flow>

</mule>
